Arguments: 
  /usr/local/bin/node /usr/local/bin/yarn add typescript rollup rollup-plugin-typescript2 @rollup/plugin-node-resolve @rollup/plugin-json execa --ignore-workspace-root-check

PATH: 
  /usr/local/bin:/usr/bin:/bin:/usr/sbin:/sbin

Yarn version: 
  1.22.11

Node version: 
  14.17.3

Platform: 
  darwin x64

Trace: 
  SyntaxError: /Users/skylark/Documents/Vue3/demo_packages/packages/reactivity/package.json: Unexpected token , in JSON at position 189
      at JSON.parse (<anonymous>)
      at /usr/local/lib/node_modules/yarn/lib/cli.js:1625:59
      at Generator.next (<anonymous>)
      at step (/usr/local/lib/node_modules/yarn/lib/cli.js:310:30)
      at /usr/local/lib/node_modules/yarn/lib/cli.js:321:13

npm manifest: 
  {
    "name": "packages",
    "version": "1.0.0",
    "private": true,
    "main": "index.js",
    "scripts": {
      "test": "echo \"Error: no test specified\" && exit 1",
      "dev": "node scripts/dev.js",
      "build": "node scripts/build.js"
    },
    "author": "",
    "license": "ISC",
    "workspaces": [
      "packages/*"
    ],
    "dependencies": {
      "@rollup/plugin-json": "^4.1.0",
      "@rollup/plugin-node-resolve": "^13.0.5",
      "execa": "^5.1.1",
      "rollup": "^2.58.0",
      "rollup-plugin-typescript2": "^0.30.0",
      "typescript": "^4.4.3"
    },
    "devDependencies": {},
    "description": ""
  }

yarn manifest: 
  No manifest

Lockfile: 
  No lockfile
